[ 2023-07-12 21:37:03,413 ] 13 root - INFO - -------Data Ingestion started-------
[ 2023-07-12 21:37:03,591 ] 25 root - INFO - Dataset read as pandas Dataframe
[ 2023-07-12 21:37:04,392 ] 28 root - INFO - raw csv stored successfully
[ 2023-07-12 21:37:04,392 ] 31 root - INFO - Train test split
[ 2023-07-12 21:37:07,307 ] 41 root - INFO - train csv and test csv stored successfully
[ 2023-07-12 21:37:07,307 ] 43 root - INFO - Ingestion of Data is completed
[ 2023-07-12 21:37:07,312 ] 16 root - INFO - -------Data Ingestion successfull-------
[ 2023-07-12 21:37:07,312 ] 17 root - INFO - =======================================================================
[ 2023-07-12 21:37:07,312 ] 20 root - INFO - -------Data Transformation started-------
[ 2023-07-12 21:37:07,312 ] 74 root - INFO - initiate_data_transformation
[ 2023-07-12 21:37:07,486 ] 78 root - INFO - Read train and test data completed
[ 2023-07-12 21:37:07,490 ] 79 root - INFO - Train Dataframe Head : 
       id  carat        cut color clarity  depth  table     x     y     z  price
0   11504   0.41      Ideal     E    VVS2   60.6   56.0  4.85  4.80  2.93   1181
1   95284   1.23  Very Good     H     VS1   59.9   59.0  6.91  7.01  4.19   7418
2  184777   1.70    Premium     H     VS2   62.0   58.0  7.61  7.66  4.74  12755
3    5419   0.33      Ideal     F    VVS1   61.2   56.0  4.47  4.44  2.73   1020
4   45466   0.33  Very Good     I     SI1   62.1   58.0  4.41  4.45  2.75    445
[ 2023-07-12 21:37:07,493 ] 80 root - INFO - Test Dataframe Head  : 
       id  carat        cut color clarity  depth  table     x     y     z  price
0   14868   0.50      Ideal     D     SI1   62.1   57.0  5.05  5.08  3.14   1355
1  165613   2.00  Very Good     G     SI2   59.5   57.0  8.08  8.15  4.89  14691
2   96727   0.27    Premium     E    VVS1   60.5   59.0  4.19  4.16  2.52    844
3  145593   0.32    Premium     I    VVS1   61.2   59.0  4.43  4.44  2.71    707
4  118689   1.19      Ideal     H     SI1   62.5   56.0  6.77  6.81  4.23   5797
[ 2023-07-12 21:37:07,501 ] 91 root - INFO - Obtaining preprocessing object
[ 2023-07-12 21:37:07,501 ] 26 root - INFO - Initiating get_data_transformation_object
[ 2023-07-12 21:37:07,501 ] 63 root - INFO - preprocessor object created successfully
[ 2023-07-12 21:37:07,785 ] 23 root - INFO - -------Data Transformation successfull-------
[ 2023-07-12 21:37:07,785 ] 24 root - INFO - =======================================================================
[ 2023-07-12 21:37:07,786 ] 27 root - INFO - -------Model Training started-------
[ 2023-07-12 21:37:07,839 ] 31 root - INFO - Model Report : {'LinearRegression': 0.9362906819996049}
[ 2023-07-12 21:37:07,840 ] 44 root - INFO - Best Model Found , Model Name : LinearRegression , R2 Score : 0.9362906819996049
[ 2023-07-12 21:37:07,841 ] 30 root - INFO - -------Model Training successfull-------
[ 2023-07-12 21:37:07,841 ] 31 root - INFO - =======================================================================
